<?xml version="1.0" encoding="UTF-8"?>
<testsuite name="FibonacciCalculatorTest" tests="2" skipped="0" failures="0" errors="0" timestamp="2021-08-15T19:59:43" hostname="abbassy-a01.vmware.com" time="0.062">
  <properties/>
  <testcase name="fibonacciOfOneIsOne()" classname="FibonacciCalculatorTest" time="0.06"/>
  <testcase name="fibonacciOfZeroIsZero()" classname="FibonacciCalculatorTest" time="0.001"/>
  <system-out><![CDATA[]]></system-out>
  <system-err><![CDATA[]]></system-err>
</testsuite>
